\BOOKMARK [0][-]{chapter*.2}{\376\377\000I\000n\000t\000r\000o\000d\000u\000c\000c\000i\000\363\000n}{}% 1
\BOOKMARK [0][-]{chapter.1}{\376\377\000L\000a\000\040\000c\000o\000n\000e\000x\000i\000\363\000n\000\040\000u\000m\000b\000r\000a\000l}{}% 2
\BOOKMARK [1][-]{section.1.1}{\376\377\000E\000l\000\040\000\341\000l\000g\000e\000b\000r\000a\000\040\000u\000m\000b\000r\000a\000l}{chapter.1}% 3
\BOOKMARK [1][-]{section.1.2}{\376\377\000P\000r\000o\000p\000i\000e\000d\000a\000d\000e\000s\000\040\000d\000e\000\040\000l\000o\000s\000\040\000f\000u\000n\000c\000i\000o\000n\000a\000l\000e\000s}{chapter.1}% 4
\BOOKMARK [1][-]{section.1.3}{\376\377\000L\000a\000\040\000r\000e\000l\000a\000c\000i\000\363\000n\000\040\000c\000o\000n\000\040\000l\000o\000s\000\040\000o\000p\000e\000r\000a\000d\000o\000r\000e\000s\000\040\000l\000i\000n\000e\000a\000l\000e\000s}{chapter.1}% 5
\BOOKMARK [0][-]{chapter.2}{\376\377\000S\000u\000c\000e\000s\000i\000o\000n\000e\000s\000\040\000d\000e\000\040\000S\000h\000e\000f\000f\000e\000r}{}% 6
\BOOKMARK [1][-]{section.2.1}{\376\377\000D\000e\000f\000i\000n\000i\000c\000i\000\363\000n\000\040\000y\000\040\000c\000a\000r\000a\000c\000t\000e\000r\000i\000z\000a\000c\000i\000o\000n\000e\000s}{chapter.2}% 7
\BOOKMARK [1][-]{section.2.2}{\376\377\000P\000r\000o\000p\000i\000e\000d\000a\000d\000e\000s}{chapter.2}% 8
\BOOKMARK [0][-]{chapter.3}{\376\377\000O\000p\000e\000r\000a\000d\000o\000r\000e\000s\000\040\000e\000n\000\040\000e\000l\000\040\000d\000u\000a\000l}{}% 9
\BOOKMARK [1][-]{section.3.1}{\376\377\000A\000u\000t\000o\000m\000o\000r\000f\000i\000s\000m\000o\000s\000\040\000y\000\040\000d\000e\000r\000i\000v\000a\000c\000i\000o\000n\000e\000s}{chapter.3}% 10
\BOOKMARK [1][-]{section.3.2}{\376\377\000O\000p\000e\000r\000a\000d\000o\000r\000e\000s\000\040\000a\000d\000j\000u\000n\000t\000o\000s}{chapter.3}% 11
\BOOKMARK [1][-]{section.3.3}{\376\377\000O\000p\000e\000r\000a\000d\000o\000r\000e\000s\000\040\000d\000e\000\040\000S\000h\000e\000f\000f\000e\000r}{chapter.3}% 12
\BOOKMARK [1][-]{section.3.4}{\376\377\000T\000r\000a\000s\000l\000a\000c\000i\000o\000n\000e\000s\000\040\000d\000e\000\040\000S\000h\000e\000f\000f\000e\000r}{chapter.3}% 13
\BOOKMARK [0][-]{chapter.4}{\376\377\000A\000p\000l\000i\000c\000a\000c\000i\000o\000n\000e\000s\000\040\000y\000\040\000e\000j\000e\000m\000p\000l\000o\000s}{}% 14
\BOOKMARK [1][-]{section.4.1}{\376\377\000S\000u\000c\000e\000s\000i\000o\000n\000e\000s\000\040\000d\000e\000\040\000p\000o\000l\000i\000n\000o\000m\000i\000o\000s\000\040\000c\000o\000n\000o\000c\000i\000d\000a\000s}{chapter.4}% 15
\BOOKMARK [2][-]{subsection.4.1.1}{\376\377\000P\000o\000l\000i\000n\000o\000m\000i\000o\000s\000\040\000d\000e\000\040\000B\000e\000r\000n\000o\000u\000l\000l\000i}{section.4.1}% 16
\BOOKMARK [1][-]{section.4.2}{\376\377\000P\000r\000o\000b\000l\000e\000m\000a\000s\000\040\000d\000e\000\040\000c\000o\000n\000e\000x\000i\000\363\000n\000\040\000d\000e\000\040\000c\000o\000n\000s\000t\000a\000n\000t\000e\000s}{chapter.4}% 17
\BOOKMARK [1][-]{section.4.3}{\376\377\000I\000n\000t\000e\000r\000p\000o\000l\000a\000c\000i\000\363\000n\000\040\000l\000i\000n\000e\000a\000l}{chapter.4}% 18
\BOOKMARK [1][-]{section.4.4}{\376\377\000S\000o\000l\000u\000c\000i\000\363\000n\000\040\000a\000\040\000e\000c\000.\000\040\000e\000n\000\040\000d\000i\000f\000e\000r\000e\000n\000c\000i\000a\000s}{chapter.4}% 19
\BOOKMARK [0][-]{appendix.Alph1}{\376\377\000S\000e\000r\000i\000e\000s\000\040\000f\000o\000r\000m\000a\000l\000e\000s}{}% 20
